<?xml version="1.0" encoding="UTF-8"?>
<testsuite name="Test to the utest page" tests="1" skipped="0" failures="0" errors="0" timestamp="2021-01-29T17:16:47" hostname="CHMEPPF1WYWFB" time="39.343">
  <properties/>
  <testcase name="Complete the form in order to create a new user" classname="Test to the utest page" time="39.343"/>
  <system-out><![CDATA[]]></system-out>
  <system-err><![CDATA[[Test worker] WARN net.thucydides.core.steps.BaseStepListener - stepStarted: net.thucydides.core.steps.ExecutedStepDescription@3c864cbb
[Test worker] WARN net.thucydides.core.steps.BaseStepListener - stepStarted: net.thucydides.core.steps.ExecutedStepDescription@56e165c
[Test worker] WARN net.thucydides.core.steps.BaseStepListener - stepStarted: net.thucydides.core.steps.ExecutedStepDescription@7a29b3de
ene 29, 2021 12:16:48 PM org.openqa.selenium.remote.DesiredCapabilities chrome
INFORMACIÓN: Using `new ChromeOptions()` is preferred to `DesiredCapabilities.chrome()`
[Test worker] INFO net.serenitybdd.core.webdriver.driverproviders.ProvideNewDriver - Instantiating driver
[Test worker] INFO net.serenitybdd.core.webdriver.driverproviders.ProvideNewDriver - Driver capabilities: Capabilities {acceptInsecureCerts: false, browserName: chrome, chrome.switches: --start-maximized, goog:chromeOptions: {args: [--start-maximized], extensions: []}, loggingPrefs: org.openqa.selenium.logging..., platform: ANY, version: }
Starting ChromeDriver 87.0.4280.88 (89e2380a3e36c3464b5dd1302349b1382549290d-refs/branch-heads/4280@{#1761}) on port 43974
Only local connections are allowed.
Please see https://chromedriver.chromium.org/security-considerations for suggestions on keeping ChromeDriver safe.
ChromeDriver was started successfully.
[1611940612.068][WARNING]: This version of ChromeDriver has not been tested with Chrome version 88.
ene 29, 2021 12:16:54 PM org.openqa.selenium.remote.ProtocolHandshake createSession
INFORMACIÓN: Detected dialect: W3C
[Test worker] WARN net.thucydides.core.steps.BaseStepListener - stepFinished: current outcome:Complete the form in order to create a new user:Example: {strName=DERLEVIN, strLastName=BEDOYA, strMail=DERLE@HOTMAIL.COM, strPassword=H4yW-f/#xtj4JRE, strValidation=Complete Setup} [Given than derlevin wants to enter the utest page to automate [Derlevin open up [derlevin opens the Utest page]]]
[Test worker] WARN net.thucydides.core.steps.BaseStepListener - stepFinished: current outcome:Complete the form in order to create a new user:Example: {strName=DERLEVIN, strLastName=BEDOYA, strMail=DERLE@HOTMAIL.COM, strPassword=H4yW-f/#xtj4JRE, strValidation=Complete Setup} [Given than derlevin wants to enter the utest page to automate [Derlevin open up [derlevin opens the Utest page]]]
[Test worker] WARN net.thucydides.core.steps.BaseStepListener - stepFinished: current outcome:Complete the form in order to create a new user:Example: {strName=DERLEVIN, strLastName=BEDOYA, strMail=DERLE@HOTMAIL.COM, strPassword=H4yW-f/#xtj4JRE, strValidation=Complete Setup} [Given than derlevin wants to enter the utest page to automate [Derlevin open up [derlevin opens the Utest page]]]
[Test worker] WARN net.thucydides.core.steps.BaseStepListener - stepStarted: net.thucydides.core.steps.ExecutedStepDescription@24854ee5
[Test worker] WARN net.thucydides.core.steps.BaseStepListener - stepStarted: net.thucydides.core.steps.ExecutedStepDescription@605c32b2
[Test worker] WARN net.thucydides.core.steps.BaseStepListener - stepStarted: net.thucydides.core.steps.ExecutedStepDescription@34e339aa
[Test worker] WARN net.thucydides.core.steps.BaseStepListener - stepFinished: current outcome:Complete the form in order to create a new user:Example: {strName=DERLEVIN, strLastName=BEDOYA, strMail=DERLE@HOTMAIL.COM, strPassword=H4yW-f/#xtj4JRE, strValidation=Complete Setup} [Given than derlevin wants to enter the utest page to automate [Derlevin open up [derlevin opens the Utest page]], When he fills out the form
| strName | strLastName | strMail | strPassword |
| DERLEVIN | BEDOYA | DERLE@HOTMAIL.COM | H4yW-f/#xtj4JRE | [Derlevin join [derlevin clicks on join button]]]
[Test worker] WARN net.thucydides.core.steps.BaseStepListener - stepStarted: net.thucydides.core.steps.ExecutedStepDescription@43341d3b
[Test worker] WARN net.thucydides.core.steps.BaseStepListener - stepFinished: current outcome:Complete the form in order to create a new user:Example: {strName=DERLEVIN, strLastName=BEDOYA, strMail=DERLE@HOTMAIL.COM, strPassword=H4yW-f/#xtj4JRE, strValidation=Complete Setup} [Given than derlevin wants to enter the utest page to automate [Derlevin open up [derlevin opens the Utest page]], When he fills out the form
| strName | strLastName | strMail | strPassword |
| DERLEVIN | BEDOYA | DERLE@HOTMAIL.COM | H4yW-f/#xtj4JRE | [Derlevin join [derlevin clicks on join button, derlevin enters 'DERLEVIN' into user name]]]
[Test worker] WARN net.thucydides.core.steps.BaseStepListener - stepStarted: net.thucydides.core.steps.ExecutedStepDescription@40b35a57
[Test worker] WARN net.thucydides.core.steps.BaseStepListener - stepFinished: current outcome:Complete the form in order to create a new user:Example: {strName=DERLEVIN, strLastName=BEDOYA, strMail=DERLE@HOTMAIL.COM, strPassword=H4yW-f/#xtj4JRE, strValidation=Complete Setup} [Given than derlevin wants to enter the utest page to automate [Derlevin open up [derlevin opens the Utest page]], When he fills out the form
| strName | strLastName | strMail | strPassword |
| DERLEVIN | BEDOYA | DERLE@HOTMAIL.COM | H4yW-f/#xtj4JRE | [Derlevin join [derlevin clicks on join button, derlevin enters 'DERLEVIN' into user name, derlevin enters 'BEDOYA' into last name]]]
[Test worker] WARN net.thucydides.core.steps.BaseStepListener - stepStarted: net.thucydides.core.steps.ExecutedStepDescription@1448f0c8
[Test worker] WARN net.thucydides.core.steps.BaseStepListener - stepFinished: current outcome:Complete the form in order to create a new user:Example: {strName=DERLEVIN, strLastName=BEDOYA, strMail=DERLE@HOTMAIL.COM, strPassword=H4yW-f/#xtj4JRE, strValidation=Complete Setup} [Given than derlevin wants to enter the utest page to automate [Derlevin open up [derlevin opens the Utest page]], When he fills out the form
| strName | strLastName | strMail | strPassword |
| DERLEVIN | BEDOYA | DERLE@HOTMAIL.COM | H4yW-f/#xtj4JRE | [Derlevin join [derlevin clicks on join button, derlevin enters 'DERLEVIN' into user name, derlevin enters 'BEDOYA' into last name, derlevin enters 'DERLE@HOTMAIL.COM' into mail]]]
[Test worker] WARN net.thucydides.core.steps.BaseStepListener - stepStarted: net.thucydides.core.steps.ExecutedStepDescription@65cdf177
[Test worker] WARN net.thucydides.core.steps.BaseStepListener - stepFinished: current outcome:Complete the form in order to create a new user:Example: {strName=DERLEVIN, strLastName=BEDOYA, strMail=DERLE@HOTMAIL.COM, strPassword=H4yW-f/#xtj4JRE, strValidation=Complete Setup} [Given than derlevin wants to enter the utest page to automate [Derlevin open up [derlevin opens the Utest page]], When he fills out the form
| strName | strLastName | strMail | strPassword |
| DERLEVIN | BEDOYA | DERLE@HOTMAIL.COM | H4yW-f/#xtj4JRE | [Derlevin join [derlevin clicks on join button, derlevin enters 'DERLEVIN' into user name, derlevin enters 'BEDOYA' into last name, derlevin enters 'DERLE@HOTMAIL.COM' into mail, derlevin clicks on month]]]
[Test worker] WARN net.thucydides.core.steps.BaseStepListener - stepStarted: net.thucydides.core.steps.ExecutedStepDescription@13aa5815
[Test worker] WARN net.thucydides.core.steps.BaseStepListener - stepFinished: current outcome:Complete the form in order to create a new user:Example: {strName=DERLEVIN, strLastName=BEDOYA, strMail=DERLE@HOTMAIL.COM, strPassword=H4yW-f/#xtj4JRE, strValidation=Complete Setup} [Given than derlevin wants to enter the utest page to automate [Derlevin open up [derlevin opens the Utest page]], When he fills out the form
| strName | strLastName | strMail | strPassword |
| DERLEVIN | BEDOYA | DERLE@HOTMAIL.COM | H4yW-f/#xtj4JRE | [Derlevin join [derlevin clicks on join button, derlevin enters 'DERLEVIN' into user name, derlevin enters 'BEDOYA' into last name, derlevin enters 'DERLE@HOTMAIL.COM' into mail, derlevin clicks on month, derlevin clicks on day]]]
[Test worker] WARN net.thucydides.core.steps.BaseStepListener - stepStarted: net.thucydides.core.steps.ExecutedStepDescription@3f04b209
[Test worker] WARN net.thucydides.core.steps.BaseStepListener - stepFinished: current outcome:Complete the form in order to create a new user:Example: {strName=DERLEVIN, strLastName=BEDOYA, strMail=DERLE@HOTMAIL.COM, strPassword=H4yW-f/#xtj4JRE, strValidation=Complete Setup} [Given than derlevin wants to enter the utest page to automate [Derlevin open up [derlevin opens the Utest page]], When he fills out the form
| strName | strLastName | strMail | strPassword |
| DERLEVIN | BEDOYA | DERLE@HOTMAIL.COM | H4yW-f/#xtj4JRE | [Derlevin join [derlevin clicks on join button, derlevin enters 'DERLEVIN' into user name, derlevin enters 'BEDOYA' into last name, derlevin enters 'DERLE@HOTMAIL.COM' into mail, derlevin clicks on month, derlevin clicks on day, derlevin clicks on year]]]
[Test worker] WARN net.thucydides.core.steps.BaseStepListener - stepStarted: net.thucydides.core.steps.ExecutedStepDescription@33c0c6d8
[Test worker] WARN net.thucydides.core.steps.BaseStepListener - stepFinished: current outcome:Complete the form in order to create a new user:Example: {strName=DERLEVIN, strLastName=BEDOYA, strMail=DERLE@HOTMAIL.COM, strPassword=H4yW-f/#xtj4JRE, strValidation=Complete Setup} [Given than derlevin wants to enter the utest page to automate [Derlevin open up [derlevin opens the Utest page]], When he fills out the form
| strName | strLastName | strMail | strPassword |
| DERLEVIN | BEDOYA | DERLE@HOTMAIL.COM | H4yW-f/#xtj4JRE | [Derlevin join [derlevin clicks on join button, derlevin enters 'DERLEVIN' into user name, derlevin enters 'BEDOYA' into last name, derlevin enters 'DERLE@HOTMAIL.COM' into mail, derlevin clicks on month, derlevin clicks on day, derlevin clicks on year, derlevin clicks on next location]]]
[Test worker] WARN net.thucydides.core.steps.BaseStepListener - stepStarted: net.thucydides.core.steps.ExecutedStepDescription@6a13124f
[Test worker] WARN net.thucydides.core.steps.BaseStepListener - stepFinished: current outcome:Complete the form in order to create a new user:Example: {strName=DERLEVIN, strLastName=BEDOYA, strMail=DERLE@HOTMAIL.COM, strPassword=H4yW-f/#xtj4JRE, strValidation=Complete Setup} [Given than derlevin wants to enter the utest page to automate [Derlevin open up [derlevin opens the Utest page]], When he fills out the form
| strName | strLastName | strMail | strPassword |
| DERLEVIN | BEDOYA | DERLE@HOTMAIL.COM | H4yW-f/#xtj4JRE | [Derlevin join [derlevin clicks on join button, derlevin enters 'DERLEVIN' into user name, derlevin enters 'BEDOYA' into last name, derlevin enters 'DERLE@HOTMAIL.COM' into mail, derlevin clicks on month, derlevin clicks on day, derlevin clicks on year, derlevin clicks on next location, derlevin clicks on next device]]]
[Test worker] WARN net.thucydides.core.steps.BaseStepListener - stepStarted: net.thucydides.core.steps.ExecutedStepDescription@1213fc56
[Test worker] WARN net.thucydides.core.steps.BaseStepListener - stepFinished: current outcome:Complete the form in order to create a new user:Example: {strName=DERLEVIN, strLastName=BEDOYA, strMail=DERLE@HOTMAIL.COM, strPassword=H4yW-f/#xtj4JRE, strValidation=Complete Setup} [Given than derlevin wants to enter the utest page to automate [Derlevin open up [derlevin opens the Utest page]], When he fills out the form
| strName | strLastName | strMail | strPassword |
| DERLEVIN | BEDOYA | DERLE@HOTMAIL.COM | H4yW-f/#xtj4JRE | [Derlevin join [derlevin clicks on join button, derlevin enters 'DERLEVIN' into user name, derlevin enters 'BEDOYA' into last name, derlevin enters 'DERLE@HOTMAIL.COM' into mail, derlevin clicks on month, derlevin clicks on day, derlevin clicks on year, derlevin clicks on next location, derlevin clicks on next device, derlevin clicks on next last step]]]
[Test worker] WARN net.thucydides.core.steps.BaseStepListener - stepStarted: net.thucydides.core.steps.ExecutedStepDescription@5a3543c0
[Test worker] WARN net.thucydides.core.steps.BaseStepListener - stepFinished: current outcome:Complete the form in order to create a new user:Example: {strName=DERLEVIN, strLastName=BEDOYA, strMail=DERLE@HOTMAIL.COM, strPassword=H4yW-f/#xtj4JRE, strValidation=Complete Setup} [Given than derlevin wants to enter the utest page to automate [Derlevin open up [derlevin opens the Utest page]], When he fills out the form
| strName | strLastName | strMail | strPassword |
| DERLEVIN | BEDOYA | DERLE@HOTMAIL.COM | H4yW-f/#xtj4JRE | [Derlevin join [derlevin clicks on join button, derlevin enters 'DERLEVIN' into user name, derlevin enters 'BEDOYA' into last name, derlevin enters 'DERLE@HOTMAIL.COM' into mail, derlevin clicks on month, derlevin clicks on day, derlevin clicks on year, derlevin clicks on next location, derlevin clicks on next device, derlevin clicks on next last step, derlevin enters 'H4yW-f/#xtj4JRE' into password]]]
[Test worker] WARN net.thucydides.core.steps.BaseStepListener - stepStarted: net.thucydides.core.steps.ExecutedStepDescription@2b73bc7f
[Test worker] WARN net.thucydides.core.steps.BaseStepListener - stepFinished: current outcome:Complete the form in order to create a new user:Example: {strName=DERLEVIN, strLastName=BEDOYA, strMail=DERLE@HOTMAIL.COM, strPassword=H4yW-f/#xtj4JRE, strValidation=Complete Setup} [Given than derlevin wants to enter the utest page to automate [Derlevin open up [derlevin opens the Utest page]], When he fills out the form
| strName | strLastName | strMail | strPassword |
| DERLEVIN | BEDOYA | DERLE@HOTMAIL.COM | H4yW-f/#xtj4JRE | [Derlevin join [derlevin clicks on join button, derlevin enters 'DERLEVIN' into user name, derlevin enters 'BEDOYA' into last name, derlevin enters 'DERLE@HOTMAIL.COM' into mail, derlevin clicks on month, derlevin clicks on day, derlevin clicks on year, derlevin clicks on next location, derlevin clicks on next device, derlevin clicks on next last step, derlevin enters 'H4yW-f/#xtj4JRE' into password, derlevin enters 'H4yW-f/#xtj4JRE' into confirm password]]]
[Test worker] WARN net.thucydides.core.steps.BaseStepListener - stepStarted: net.thucydides.core.steps.ExecutedStepDescription@efeb851
[Test worker] WARN net.thucydides.core.steps.BaseStepListener - stepFinished: current outcome:Complete the form in order to create a new user:Example: {strName=DERLEVIN, strLastName=BEDOYA, strMail=DERLE@HOTMAIL.COM, strPassword=H4yW-f/#xtj4JRE, strValidation=Complete Setup} [Given than derlevin wants to enter the utest page to automate [Derlevin open up [derlevin opens the Utest page]], When he fills out the form
| strName | strLastName | strMail | strPassword |
| DERLEVIN | BEDOYA | DERLE@HOTMAIL.COM | H4yW-f/#xtj4JRE | [Derlevin join [derlevin clicks on join button, derlevin enters 'DERLEVIN' into user name, derlevin enters 'BEDOYA' into last name, derlevin enters 'DERLE@HOTMAIL.COM' into mail, derlevin clicks on month, derlevin clicks on day, derlevin clicks on year, derlevin clicks on next location, derlevin clicks on next device, derlevin clicks on next last step, derlevin enters 'H4yW-f/#xtj4JRE' into password, derlevin enters 'H4yW-f/#xtj4JRE' into confirm password, derlevin clicks on check one]]]
[Test worker] WARN net.thucydides.core.steps.BaseStepListener - stepStarted: net.thucydides.core.steps.ExecutedStepDescription@71f3f31c
[Test worker] WARN net.thucydides.core.steps.BaseStepListener - stepFinished: current outcome:Complete the form in order to create a new user:Example: {strName=DERLEVIN, strLastName=BEDOYA, strMail=DERLE@HOTMAIL.COM, strPassword=H4yW-f/#xtj4JRE, strValidation=Complete Setup} [Given than derlevin wants to enter the utest page to automate [Derlevin open up [derlevin opens the Utest page]], When he fills out the form
| strName | strLastName | strMail | strPassword |
| DERLEVIN | BEDOYA | DERLE@HOTMAIL.COM | H4yW-f/#xtj4JRE | [Derlevin join [derlevin clicks on join button, derlevin enters 'DERLEVIN' into user name, derlevin enters 'BEDOYA' into last name, derlevin enters 'DERLE@HOTMAIL.COM' into mail, derlevin clicks on month, derlevin clicks on day, derlevin clicks on year, derlevin clicks on next location, derlevin clicks on next device, derlevin clicks on next last step, derlevin enters 'H4yW-f/#xtj4JRE' into password, derlevin enters 'H4yW-f/#xtj4JRE' into confirm password, derlevin clicks on check one, derlevin clicks on check two]]]
[Test worker] WARN net.thucydides.core.steps.BaseStepListener - stepFinished: current outcome:Complete the form in order to create a new user:Example: {strName=DERLEVIN, strLastName=BEDOYA, strMail=DERLE@HOTMAIL.COM, strPassword=H4yW-f/#xtj4JRE, strValidation=Complete Setup} [Given than derlevin wants to enter the utest page to automate [Derlevin open up [derlevin opens the Utest page]], When he fills out the form
| strName | strLastName | strMail | strPassword |
| DERLEVIN | BEDOYA | DERLE@HOTMAIL.COM | H4yW-f/#xtj4JRE | [Derlevin join [derlevin clicks on join button, derlevin enters 'DERLEVIN' into user name, derlevin enters 'BEDOYA' into last name, derlevin enters 'DERLE@HOTMAIL.COM' into mail, derlevin clicks on month, derlevin clicks on day, derlevin clicks on year, derlevin clicks on next location, derlevin clicks on next device, derlevin clicks on next last step, derlevin enters 'H4yW-f/#xtj4JRE' into password, derlevin enters 'H4yW-f/#xtj4JRE' into confirm password, derlevin clicks on check one, derlevin clicks on check two]]]
[Test worker] WARN net.thucydides.core.steps.BaseStepListener - stepFinished: current outcome:Complete the form in order to create a new user:Example: {strName=DERLEVIN, strLastName=BEDOYA, strMail=DERLE@HOTMAIL.COM, strPassword=H4yW-f/#xtj4JRE, strValidation=Complete Setup} [Given than derlevin wants to enter the utest page to automate [Derlevin open up [derlevin opens the Utest page]], When he fills out the form
| strName | strLastName | strMail | strPassword |
| DERLEVIN | BEDOYA | DERLE@HOTMAIL.COM | H4yW-f/#xtj4JRE | [Derlevin join [derlevin clicks on join button, derlevin enters 'DERLEVIN' into user name, derlevin enters 'BEDOYA' into last name, derlevin enters 'DERLE@HOTMAIL.COM' into mail, derlevin clicks on month, derlevin clicks on day, derlevin clicks on year, derlevin clicks on next location, derlevin clicks on next device, derlevin clicks on next last step, derlevin enters 'H4yW-f/#xtj4JRE' into password, derlevin enters 'H4yW-f/#xtj4JRE' into confirm password, derlevin clicks on check one, derlevin clicks on check two]]]
[Test worker] WARN net.thucydides.core.steps.BaseStepListener - stepStarted: net.thucydides.core.steps.ExecutedStepDescription@43d9bbf8
[Test worker] WARN net.thucydides.core.steps.BaseStepListener - stepStarted: net.thucydides.core.steps.ExecutedStepDescription@6f51516e
[Test worker] WARN net.thucydides.core.steps.BaseStepListener - stepFinished: current outcome:Complete the form in order to create a new user:Example: {strName=DERLEVIN, strLastName=BEDOYA, strMail=DERLE@HOTMAIL.COM, strPassword=H4yW-f/#xtj4JRE, strValidation=Complete Setup} [Given than derlevin wants to enter the utest page to automate [Derlevin open up [derlevin opens the Utest page]], When he fills out the form
| strName | strLastName | strMail | strPassword |
| DERLEVIN | BEDOYA | DERLE@HOTMAIL.COM | H4yW-f/#xtj4JRE | [Derlevin join [derlevin clicks on join button, derlevin enters 'DERLEVIN' into user name, derlevin enters 'BEDOYA' into last name, derlevin enters 'DERLE@HOTMAIL.COM' into mail, derlevin clicks on month, derlevin clicks on day, derlevin clicks on year, derlevin clicks on next location, derlevin clicks on next device, derlevin clicks on next last step, derlevin enters 'H4yW-f/#xtj4JRE' into password, derlevin enters 'H4yW-f/#xtj4JRE' into confirm password, derlevin clicks on check one, derlevin clicks on check two]], Then he finds the name
| strValidation |
| Complete Setup | [Then validation]]
[Test worker] WARN net.thucydides.core.steps.BaseStepListener - stepFinished: current outcome:Complete the form in order to create a new user:Example: {strName=DERLEVIN, strLastName=BEDOYA, strMail=DERLE@HOTMAIL.COM, strPassword=H4yW-f/#xtj4JRE, strValidation=Complete Setup} [Given than derlevin wants to enter the utest page to automate [Derlevin open up [derlevin opens the Utest page]], When he fills out the form
| strName | strLastName | strMail | strPassword |
| DERLEVIN | BEDOYA | DERLE@HOTMAIL.COM | H4yW-f/#xtj4JRE | [Derlevin join [derlevin clicks on join button, derlevin enters 'DERLEVIN' into user name, derlevin enters 'BEDOYA' into last name, derlevin enters 'DERLE@HOTMAIL.COM' into mail, derlevin clicks on month, derlevin clicks on day, derlevin clicks on year, derlevin clicks on next location, derlevin clicks on next device, derlevin clicks on next last step, derlevin enters 'H4yW-f/#xtj4JRE' into password, derlevin enters 'H4yW-f/#xtj4JRE' into confirm password, derlevin clicks on check one, derlevin clicks on check two]], Then he finds the name
| strValidation |
| Complete Setup | [Then validation]]
[Test worker] WARN net.thucydides.core.steps.BaseStepListener - stepFinished: current outcome:Complete the form in order to create a new user:Example: {strName=DERLEVIN, strLastName=BEDOYA, strMail=DERLE@HOTMAIL.COM, strPassword=H4yW-f/#xtj4JRE, strValidation=Complete Setup} [Given than derlevin wants to enter the utest page to automate [Derlevin open up [derlevin opens the Utest page]], When he fills out the form
| strName | strLastName | strMail | strPassword |
| DERLEVIN | BEDOYA | DERLE@HOTMAIL.COM | H4yW-f/#xtj4JRE | [Derlevin join [derlevin clicks on join button, derlevin enters 'DERLEVIN' into user name, derlevin enters 'BEDOYA' into last name, derlevin enters 'DERLE@HOTMAIL.COM' into mail, derlevin clicks on month, derlevin clicks on day, derlevin clicks on year, derlevin clicks on next location, derlevin clicks on next device, derlevin clicks on next last step, derlevin enters 'H4yW-f/#xtj4JRE' into password, derlevin enters 'H4yW-f/#xtj4JRE' into confirm password, derlevin clicks on check one, derlevin clicks on check two]], Then he finds the name
| strValidation |
| Complete Setup | [Then validation]]
[Test worker] WARN net.thucydides.core.steps.BaseStepListener - testFinished: Complete the form in order to create a new user:Example: {strName=DERLEVIN, strLastName=BEDOYA, strMail=DERLE@HOTMAIL.COM, strPassword=H4yW-f/#xtj4JRE, strValidation=Complete Setup} [Given than derlevin wants to enter the utest page to automate [Derlevin open up [derlevin opens the Utest page]], When he fills out the form
| strName | strLastName | strMail | strPassword |
| DERLEVIN | BEDOYA | DERLE@HOTMAIL.COM | H4yW-f/#xtj4JRE | [Derlevin join [derlevin clicks on join button, derlevin enters 'DERLEVIN' into user name, derlevin enters 'BEDOYA' into last name, derlevin enters 'DERLE@HOTMAIL.COM' into mail, derlevin clicks on month, derlevin clicks on day, derlevin clicks on year, derlevin clicks on next location, derlevin clicks on next device, derlevin clicks on next last step, derlevin enters 'H4yW-f/#xtj4JRE' into password, derlevin enters 'H4yW-f/#xtj4JRE' into confirm password, derlevin clicks on check one, derlevin clicks on check two]], Then he finds the name
| strValidation |
| Complete Setup | [Then validation]]
[Test worker] WARN net.thucydides.core.steps.BaseStepListener - TestOutcomes: [Complete the form in order to create a new user:Example: {strName=DERLEVIN, strLastName=BEDOYA, strMail=DERLE@HOTMAIL.COM, strPassword=H4yW-f/#xtj4JRE, strValidation=Complete Setup} [Given than derlevin wants to enter the utest page to automate [Derlevin open up [derlevin opens the Utest page]], When he fills out the form
| strName | strLastName | strMail | strPassword |
| DERLEVIN | BEDOYA | DERLE@HOTMAIL.COM | H4yW-f/#xtj4JRE | [Derlevin join [derlevin clicks on join button, derlevin enters 'DERLEVIN' into user name, derlevin enters 'BEDOYA' into last name, derlevin enters 'DERLE@HOTMAIL.COM' into mail, derlevin clicks on month, derlevin clicks on day, derlevin clicks on year, derlevin clicks on next location, derlevin clicks on next device, derlevin clicks on next last step, derlevin enters 'H4yW-f/#xtj4JRE' into password, derlevin enters 'H4yW-f/#xtj4JRE' into confirm password, derlevin clicks on check one, derlevin clicks on check two]], Then he finds the name
| strValidation |
| Complete Setup | [Then validation]]]
[Test worker] WARN net.thucydides.core.steps.BaseStepListener - Final testOutcomes: [Complete the form in order to create a new user:Example: {strName=DERLEVIN, strLastName=BEDOYA, strMail=DERLE@HOTMAIL.COM, strPassword=H4yW-f/#xtj4JRE, strValidation=Complete Setup} [Given than derlevin wants to enter the utest page to automate [Derlevin open up [derlevin opens the Utest page]], When he fills out the form
| strName | strLastName | strMail | strPassword |
| DERLEVIN | BEDOYA | DERLE@HOTMAIL.COM | H4yW-f/#xtj4JRE | [Derlevin join [derlevin clicks on join button, derlevin enters 'DERLEVIN' into user name, derlevin enters 'BEDOYA' into last name, derlevin enters 'DERLE@HOTMAIL.COM' into mail, derlevin clicks on month, derlevin clicks on day, derlevin clicks on year, derlevin clicks on next location, derlevin clicks on next device, derlevin clicks on next last step, derlevin enters 'H4yW-f/#xtj4JRE' into password, derlevin enters 'H4yW-f/#xtj4JRE' into confirm password, derlevin clicks on check one, derlevin clicks on check two]], Then he finds the name
| strValidation |
| Complete Setup | [Then validation]]]
[Test worker] INFO net.thucydides.core.steps.ConsoleLoggingListener - 
        __    _____ _____ ____ _____   ____   _    ____  ____  _____ ____  
  _     \ \  |_   _| ____/ ___|_   _| |  _ \ / \  / ___|/ ___|| ____|  _ \ 
 (_)_____| |   | | |  _| \___ \ | |   | |_) / _ \ \___ \\___ \|  _| | | | |
  _|_____| |   | | | |___ ___) || |   |  __/ ___ \ ___) |___) | |___| |_| |
 (_)     | |   |_| |_____|____/ |_|   |_| /_/   \_\____/|____/|_____|____/ 
        /_/                                                                

TEST PASSED: Complete the form in order to create a new user
----------------------------------------------------------------------------
]]></system-err>
</testsuite>
